INFO:root:Program initialised.
DEBUG:urllib3.connectionpool:Starting new HTTPS connection (1): api.postcodes.io:443
DEBUG:urllib3.connectionpool:https://api.postcodes.io:443 "GET /postcodes/ba2%203ra HTTP/1.1" 200 935
INFO:root:Postcode's information was pulled from the postcode API.
INFO:root:Latitude and longitude were retrieved for the requested postcode
INFO:root:API Key and ID retrieved successfully.
DEBUG:urllib3.connectionpool:Starting new HTTPS connection (1): api.postcodes.io:443
DEBUG:urllib3.connectionpool:https://api.postcodes.io:443 "GET /postcodes/ba2%203ra HTTP/1.1" 200 935
INFO:root:Postcode's information was pulled from the postcode API.
INFO:root:Latitude and longitude were retrieved for the requested postcode
INFO:root:User was asked to enter the number of bus times they require.
INFO:root:The user chose to see 3 bus time(s).
INFO:root:API Key and ID retrieved successfully.
DEBUG:urllib3.connectionpool:Starting new HTTPS connection (1): transportapi.com:443
DEBUG:urllib3.connectionpool:https://transportapi.com:443 "GET /v3/uk/places.json?app_id=01b1cb2e&app_key=4dd9957ce60335a0f9c2625ac4041aec&lat=51.379686&lon=-2.37827&type=bus_stop HTTP/1.1" 200 None
INFO:root:Departure information was pulled from the transport API.
DEBUG:urllib3.connectionpool:Starting new HTTPS connection (1): transportapi.com:443
DEBUG:urllib3.connectionpool:https://transportapi.com:443 "GET /v3/uk/bus/stop/0180BAC30253///timetable.json?app_id=01b1cb2e&app_key=4dd9957ce60335a0f9c2625ac4041aec&group=no&limit=3nextbuses=no%20 HTTP/1.1" 302 None
DEBUG:urllib3.connectionpool:https://transportapi.com:443 "GET /v3/uk/bus/stop/0180BAC30253/2019-09-16/17:06/timetable.json?app_id=01b1cb2e&app_key=4dd9957ce60335a0f9c2625ac4041aec&group=no&limit=3nextbuses%3Dno+ HTTP/1.1" 200 None
DEBUG:urllib3.connectionpool:Starting new HTTPS connection (1): transportapi.com:443
DEBUG:urllib3.connectionpool:https://transportapi.com:443 "GET /v3/uk/bus/stop/0180BAC30251///timetable.json?app_id=01b1cb2e&app_key=4dd9957ce60335a0f9c2625ac4041aec&group=no&limit=3nextbuses=no%20 HTTP/1.1" 302 None
DEBUG:urllib3.connectionpool:https://transportapi.com:443 "GET /v3/uk/bus/stop/0180BAC30251/2019-09-16/17:06/timetable.json?app_id=01b1cb2e&app_key=4dd9957ce60335a0f9c2625ac4041aec&group=no&limit=3nextbuses%3Dno+ HTTP/1.1" 200 None
INFO:root:Bus departure times were displayed to the user.
INFO:root:Program terminated.
